<?xml version="1.0" encoding="UTF-8"?>
<!-- Generated by org.testng.reporters.JUnitReportReporter -->
<testsuite hostname="DESKTOP-GET1OHG" failures="0" tests="1" name="runner.TestRunner" time="20.552" errors="0" timestamp="8 Mar 2023 04:37:04 GMT">
  <testcase classname="runner.TestRunner" name="feature" time="20.552"/>
</testsuite> <!-- runner.TestRunner -->
